[debug] [2017-11-14T02:53:08.907Z] ----------------------------------------------------------------------
[debug] [2017-11-14T02:53:08.913Z] Command:      /usr/bin/nodejs /usr/bin/firebase deploy
[debug] [2017-11-14T02:53:08.914Z] CLI Version:  3.9.1
[debug] [2017-11-14T02:53:08.914Z] Platform:     linux
[debug] [2017-11-14T02:53:08.914Z] Node Version: v6.10.3
[debug] [2017-11-14T02:53:08.914Z] Time:         Mon Nov 13 2017 23:53:08 GMT-0300 (CLST)
[debug] [2017-11-14T02:53:08.915Z] ----------------------------------------------------------------------
[debug] 
[debug] [2017-11-14T02:53:08.938Z] > command requires scopes: ["email","openid","https://www.googleapis.com/auth/cloudplatformprojects.readonly","https://www.googleapis.com/auth/firebase","https://www.googleapis.com/auth/cloud-platform"]
[debug] [2017-11-14T02:53:08.939Z] > authorizing via signed-in user
[debug] [2017-11-14T02:53:08.943Z] > refreshing access token with scopes: ["email","https://www.googleapis.com/auth/cloud-platform","https://www.googleapis.com/auth/cloudplatformprojects.readonly","https://www.googleapis.com/auth/firebase","openid"]
[debug] [2017-11-14T02:53:08.944Z] >>> HTTP REQUEST POST https://www.googleapis.com/oauth2/v3/token { refresh_token: '1/2n3fogl-xvwqJi3dA2HV2jRCY8kOtNnMuMvLRmotoYs',
  client_id: '563584335869-fgrhgmd47bqnekij5i8b5pr03ho849e6.apps.googleusercontent.com',
  client_secret: 'j9iVZfS8kkCEFUPaAeJV0sAi',
  grant_type: 'refresh_token',
  scope: 'email https://www.googleapis.com/auth/cloud-platform https://www.googleapis.com/auth/cloudplatformprojects.readonly https://www.googleapis.com/auth/firebase openid' } 
 Mon Nov 13 2017 23:53:08 GMT-0300 (CLST)
[debug] [2017-11-14T02:53:09.217Z] <<< HTTP RESPONSE 200
[debug] [2017-11-14T02:53:09.345Z] >>> HTTP REQUEST GET https://admin.firebase.com/v1/projects/emprende-comunid-1509237222922  
 Mon Nov 13 2017 23:53:09 GMT-0300 (CLST)
[debug] [2017-11-14T02:53:12.690Z] <<< HTTP RESPONSE 200
[debug] [2017-11-14T02:53:12.691Z] >>> HTTP REQUEST GET https://admin.firebase.com/v1/database/emprende-comunid-1509237222922/tokens  
 Mon Nov 13 2017 23:53:12 GMT-0300 (CLST)
[debug] [2017-11-14T02:53:13.464Z] <<< HTTP RESPONSE 200
[info] 
[info] === Deploying to 'emprende-comunid-1509237222922'...
[info] 
[info] i  deploying hosting
[info] i  hosting: preparing build directory for upload...
[debug] [2017-11-14T02:53:16.514Z] >>> HTTP REQUEST PUT https://deploy.firebase.com/v1/hosting/emprende-comunid-1509237222922/uploads/-KysRU2I16a7pZclrW43?fileCount=4&message=  
 Mon Nov 13 2017 23:53:16 GMT-0300 (CLST)
[debug] [2017-11-14T02:53:26.389Z] <<< HTTP RESPONSE 200
[debug] [2017-11-14T02:53:26.389Z] [hosting] .tgz uploaded successfully, waiting for extraction
[info] ✔  hosting: 4 files uploaded successfully
[info] i  starting release process (may take several minutes)...
[debug] [2017-11-14T02:53:27.229Z] >>> HTTP REQUEST POST https://deploy.firebase.com/v1/projects/emprende-comunid-1509237222922/releases { hosting: 
   { public: 'build',
     version: '-KysRU2I16a7pZclrW43',
     prefix: '-KysRU2I16a7pZclrW43/',
     manifest: [] } } 
 Mon Nov 13 2017 23:53:27 GMT-0300 (CLST)
